DoarRashum/build/outputs/apk/manifest-merger-debug-report.txt
-- Merging decision tree log ---
manifest
ADDED from AndroidManifest.xml:2:1
	android:windowSoftInputMode
		ADDED from AndroidManifest.xml:2:98
	android:hardwareAccelerated
		ADDED from AndroidManifest.xml:2:11
	xmlns:android
		ADDED from AndroidManifest.xml:2:164
	package
		ADDED from AndroidManifest.xml:2:138
	android:versionName
		ADDED from AndroidManifest.xml:2:70
	android:versionCode
		ADDED from AndroidManifest.xml:2:46
		INJECTED from AndroidManifest.xml:0:0
		INJECTED from AndroidManifest.xml:0:0
supports-screens
ADDED from AndroidManifest.xml:3:5
	android:resizeable
		ADDED from AndroidManifest.xml:3:106
	android:largeScreens
		ADDED from AndroidManifest.xml:3:49
	android:anyDensity
		ADDED from AndroidManifest.xml:3:23
	android:normalScreens
		ADDED from AndroidManifest.xml:3:77
	android:xlargeScreens
		ADDED from AndroidManifest.xml:3:160
	android:smallScreens
		ADDED from AndroidManifest.xml:3:132
uses-permission#android.permission.INTERNET
ADDED from AndroidManifest.xml:4:5
	android:name
		ADDED from AndroidManifest.xml:4:22
application
ADDED from AndroidManifest.xml:5:5
	android:label
		ADDED from AndroidManifest.xml:5:83
	android:icon
		ADDED from AndroidManifest.xml:5:53
	android:hardwareAccelerated
		ADDED from AndroidManifest.xml:5:18
activity#com.doar.rashum.DoarRashum
ADDED from AndroidManifest.xml:6:9
	android:label
		ADDED from AndroidManifest.xml:6:97
	android:configChanges
		ADDED from AndroidManifest.xml:6:19
	android:theme
		ADDED from AndroidManifest.xml:6:187
	android:name
		ADDED from AndroidManifest.xml:6:161
	android:launchMode
		ADDED from AndroidManifest.xml:6:130
intent-filter#android.intent.action.MAIN+android.intent.category.LAUNCHER
ADDED from AndroidManifest.xml:7:13
action#android.intent.action.MAIN
ADDED from AndroidManifest.xml:8:17
	android:name
		ADDED from AndroidManifest.xml:8:25
category#android.intent.category.LAUNCHER
ADDED from AndroidManifest.xml:9:17
	android:name
		ADDED from AndroidManifest.xml:9:27
activity#com.google.zxing.client.android.CaptureActivity
ADDED from AndroidManifest.xml:12:9
	android:windowSoftInputMode
		ADDED from AndroidManifest.xml:12:288
	android:screenOrientation
		ADDED from AndroidManifest.xml:12:191
	android:configChanges
		ADDED from AndroidManifest.xml:12:52
	android:theme
		ADDED from AndroidManifest.xml:12:229
	android:exported
		ADDED from AndroidManifest.xml:12:103
	android:clearTaskOnLaunch
		ADDED from AndroidManifest.xml:12:19
	android:name
		ADDED from AndroidManifest.xml:12:128
intent-filter#android.intent.category.DEFAULT+com.phonegap.plugins.barcodescanner.SCAN
ADDED from AndroidManifest.xml:13:13
action#com.phonegap.plugins.barcodescanner.SCAN
ADDED from AndroidManifest.xml:14:17
	android:name
		ADDED from AndroidManifest.xml:14:25
category#android.intent.category.DEFAULT
ADDED from AndroidManifest.xml:15:17
	android:name
		ADDED from AndroidManifest.xml:15:27
activity#com.google.zxing.client.android.encode.EncodeActivity
ADDED from AndroidManifest.xml:18:9
	android:label
		ADDED from AndroidManifest.xml:18:19
	android:name
		ADDED from AndroidManifest.xml:18:54
intent-filter#android.intent.category.DEFAULT+com.phonegap.plugins.barcodescanner.ENCODE
ADDED from AndroidManifest.xml:19:13
action#com.phonegap.plugins.barcodescanner.ENCODE
ADDED from AndroidManifest.xml:20:17
	android:name
		ADDED from AndroidManifest.xml:20:25
activity#com.google.zxing.client.android.HelpActivity
ADDED from AndroidManifest.xml:24:9
	android:label
		ADDED from AndroidManifest.xml:24:19
	android:name
		ADDED from AndroidManifest.xml:24:54
intent-filter#android.intent.action.VIEW+android.intent.category.DEFAULT
ADDED from AndroidManifest.xml:25:13
action#android.intent.action.VIEW
ADDED from AndroidManifest.xml:26:17
	android:name
		ADDED from AndroidManifest.xml:26:25
uses-sdk
ADDED from AndroidManifest.xml:31:5
MERGED from android:CordovaLib:unspecified:debug:25:5
	android:targetSdkVersion
		ADDED from AndroidManifest.xml:31:42
	android:minSdkVersion
		ADDED from AndroidManifest.xml:31:15
uses-permission#android.permission.CAMERA
ADDED from AndroidManifest.xml:32:5
	android:name
		ADDED from AndroidManifest.xml:32:22
uses-permission#android.permission.FLASHLIGHT
ADDED from AndroidManifest.xml:33:5
	android:name
		ADDED from AndroidManifest.xml:33:22
uses-feature#android.hardware.camera
ADDED from AndroidManifest.xml:34:5
	android:required
		ADDED from AndroidManifest.xml:34:58
	android:name
		ADDED from AndroidManifest.xml:34:19